<?xml version="1.0" encoding="UTF-8"?>
<!-- Generated by org.testng.reporters.JUnitReportReporter -->
<testsuite hostname="DESKTOP-E9N7EF2" failures="0" tests="1" name="technicalchannellTestcases.logintestcase" time="0.514" errors="0" timestamp="2023-09-08T03:49:00 EEST" skipped="0">
  <testcase classname="technicalchannellTestcases.logintestcase" name="logintoSystem" time="0.514"/>
</testsuite> <!-- technicalchannellTestcases.logintestcase -->
