<?xml version="1.0" encoding="UTF-8"?>
<!-- Generated by org.testng.reporters.JUnitReportReporter -->
<testsuite hostname="DESKTOP-E9N7EF2" failures="0" tests="3" name="technicalchannellTestcases.checkoutprocess" time="7.577" errors="0" timestamp="2023-09-08T03:41:24 EEST" skipped="0">
  <testcase classname="technicalchannellTestcases.checkoutprocess" name="loginintoSwag" time="1.426"/>
  <testcase classname="technicalchannellTestcases.checkoutprocess" name="additemtocart" time="1.196"/>
  <testcase classname="technicalchannellTestcases.checkoutprocess" name="checkout" time="4.955"/>
</testsuite> <!-- technicalchannellTestcases.checkoutprocess -->
