<?xml version="1.0" encoding="UTF-8"?>
<!-- Generated by org.testng.reporters.JUnitReportReporter -->
<testsuite hostname="DESKTOP-E9N7EF2" failures="0" tests="5" name="technicalchannellTestcases.AddandRemoveTestcase" time="10.183" errors="0" timestamp="2023-09-08T03:51:32 EEST" skipped="0">
  <testcase classname="technicalchannellTestcases.AddandRemoveTestcase" name="loginintoSwag" time="1.444"/>
  <testcase classname="technicalchannellTestcases.AddandRemoveTestcase" name="additemtocart" time="2.091"/>
  <testcase classname="technicalchannellTestcases.AddandRemoveTestcase" name="RemovefromCart" time="3.486"/>
  <testcase classname="technicalchannellTestcases.AddandRemoveTestcase" name="additemtocart2" time="2.078"/>
  <testcase classname="technicalchannellTestcases.AddandRemoveTestcase" name="RemoveFromProduct" time="1.084"/>
</testsuite> <!-- technicalchannellTestcases.AddandRemoveTestcase -->
